The system is: Windows - 10.0.22621 - AMD64
Compiling the CXX compiler identification source file "CMakeCXXCompilerId.cpp" succeeded.
Compiler:  
Build flags: 
Id flags:  

The output was:
0
MSBuild version 17.5.1+f6fdcf537 for .NET Framework
Vytváření sestavení bylo zahájeno 16.05.2023 12:45:42.
Included response file: C:\Program Files\Microsoft Visual Studio\2022\Community\MSBuild\Current\Bin\amd64\MSBuild.rsp

Projekt C:\Users\sondr\OneDrive\Plocha\hacaton\atthackathonproject\flutter\main\build\windows\CMakeFiles\3.25.1-msvc1\CompilerIdCXX\CompilerIdCXX.vcxproj v uzlu 1 (výchozí cíle).
PrepareForBuild:
  Probíhá vytváření adresáře Debug\.
  Probíhá vytváření adresáře Debug\CompilerIdCXX.tlog\.
InitializeBuildStatus:
  Probíhá vytváření souboru Debug\CompilerIdCXX.tlog\unsuccessfulbuild v důsledku zadání AlwaysCreate.
ClCompile:
  C:\Program Files\Microsoft Visual Studio\2022\Community\VC\Tools\MSVC\14.35.32215\bin\HostX64\x64\CL.exe /c /nologo /W0 /WX- /diagnostics:column /Od /D _MBCS /Gm- /EHsc /RTC1 /MDd /GS /fp:precise /Zc:wchar_t /Zc:forScope /Zc:inline /Fo"Debug\\" /Fd"Debug\vc143.pdb" /external:W0 /Gd /TP /FC /errorReport:queue CMakeCXXCompilerId.cpp
  CMakeCXXCompilerId.cpp
Link:
  C:\Program Files\Microsoft Visual Studio\2022\Community\VC\Tools\MSVC\14.35.32215\bin\HostX64\x64\link.exe /ERRORREPORT:QUEUE /OUT:".\CompilerIdCXX.exe" /INCREMENTAL:NO /NOLOGO kernel32.lib user32.lib gdi32.lib winspool.lib comdlg32.lib advapi32.lib shell32.lib ole32.lib oleaut32.lib uuid.lib odbc32.lib odbccp32.lib /MANIFEST /MANIFESTUAC:"level='asInvoker' uiAccess='false'" /manifest:embed /PDB:".\CompilerIdCXX.pdb" /SUBSYSTEM:CONSOLE /TLBID:1 /DYNAMICBASE /NXCOMPAT /IMPLIB:".\CompilerIdCXX.lib" /MACHINE:X64 Debug\CMakeCXXCompilerId.obj
  CompilerIdCXX.vcxproj -> C:\Users\sondr\OneDrive\Plocha\hacaton\atthackathonproject\flutter\main\build\windows\CMakeFiles\3.25.1-msvc1\CompilerIdCXX\CompilerIdCXX.exe
PostBuildEvent:
  for %%i in (cl.exe) do @echo CMAKE_CXX_COMPILER=%%~$PATH:i
  :VCEnd
  CMAKE_CXX_COMPILER=C:\Program Files\Microsoft Visual Studio\2022\Community\VC\Tools\MSVC\14.35.32215\bin\Hostx64\x64\cl.exe
FinalizeBuildStatus:
  Probíhá odstraňování souboru Debug\CompilerIdCXX.tlog\unsuccessfulbuild.
  Probíhá aktualizace časového razítka pro Debug\CompilerIdCXX.tlog\CompilerIdCXX.lastbuildstate.
Sestavení projektu C:\Users\sondr\OneDrive\Plocha\hacaton\atthackathonproject\flutter\main\build\windows\CMakeFiles\3.25.1-msvc1\CompilerIdCXX\CompilerIdCXX.vcxproj (s výchozími cíli) bylo dokončeno.

Vytváření sestavení bylo úspěšně dokončeno.
    0 upozornění
    Počet chyb: 0

Uplynulý čas 00:00:03.84


Compilation of the CXX compiler identification source "CMakeCXXCompilerId.cpp" produced "CompilerIdCXX.exe"

Compilation of the CXX compiler identification source "CMakeCXXCompilerId.cpp" produced "CompilerIdCXX.vcxproj"

The CXX compiler identification is MSVC, found in "C:/Users/sondr/OneDrive/Plocha/hacaton/atthackathonproject/flutter/main/build/windows/CMakeFiles/3.25.1-msvc1/CompilerIdCXX/CompilerIdCXX.exe"

Detecting CXX compiler ABI info compiled with the following output:
Change Dir: C:/Users/sondr/OneDrive/Plocha/hacaton/atthackathonproject/flutter/main/build/windows/CMakeFiles/CMakeScratch/TryCompile-7r43iv

Run Build Command(s):C:/Program Files/Microsoft Visual Studio/2022/Community/MSBuild/Current/Bin/amd64/MSBuild.exe cmTC_6d7e4.vcxproj /p:Configuration=Debug /p:Platform=x64 /p:VisualStudioVersion=17.0 /v:m && MSBuild version 17.5.1+f6fdcf537 for .NET Framework

  Optimalizující kompilátor C/C++ společnosti Microsoft (R) verze 19.35.32217.1 pro procesory x64
  Copyright (C) Microsoft Corporation. Všechna práva vyhrazena.
  CMakeCXXCompilerABI.cpp
  cl /c /Zi /W3 /WX- /diagnostics:column /Od /Ob0 /D _MBCS /D WIN32 /D _WINDOWS /D "CMAKE_INTDIR=\"Debug\"" /Gm- /EHsc /RTC1 /MDd /GS /fp:precise /Zc:wchar_t /Zc:forScope /Zc:inline /GR /Fo"cmTC_6d7e4.dir\Debug\\" /Fd"cmTC_6d7e4.dir\Debug\vc143.pdb" /external:W3 /Gd /TP /errorReport:queue "C:\Program Files\Microsoft Visual Studio\2022\Community\Common7\IDE\CommonExtensions\Microsoft\CMake\CMake\share\cmake-3.25\Modules\CMakeCXXCompilerABI.cpp"
  cmTC_6d7e4.vcxproj -> C:\Users\sondr\OneDrive\Plocha\hacaton\atthackathonproject\flutter\main\build\windows\CMakeFiles\CMakeScratch\TryCompile-7r43iv\Debug\cmTC_6d7e4.exe



